ARM GAS  C:\Users\ASUS\AppData\Local\Temp\ccdyd3bO.s 			page 1


   1              		.cpu cortex-m3
   2              		.arch armv7-m
   3              		.fpu softvfp
   4              		.eabi_attribute 20, 1
   5              		.eabi_attribute 21, 1
   6              		.eabi_attribute 23, 3
   7              		.eabi_attribute 24, 1
   8              		.eabi_attribute 25, 1
   9              		.eabi_attribute 26, 1
  10              		.eabi_attribute 30, 1
  11              		.eabi_attribute 34, 1
  12              		.eabi_attribute 18, 4
  13              		.file	"gcc_compat.c"
  14              		.text
  15              	.Ltext0:
  16              		.cfi_sections	.debug_frame
  17              		.file 1 "Motor_simulation/gcc_compat.c"
  18              		.section	.text.__ARM_scalbnf,"ax",%progbits
  19              		.align	1
  20              		.global	__ARM_scalbnf
  21              		.syntax unified
  22              		.thumb
  23              		.thumb_func
  25              	__ARM_scalbnf:
  26              	.LVL0:
  27              	.LFB0:
   1:Motor_simulation/gcc_compat.c **** #include <math.h>
   2:Motor_simulation/gcc_compat.c **** 
   3:Motor_simulation/gcc_compat.c **** /**
   4:Motor_simulation/gcc_compat.c ****  * 这是一个兼容性补丁，用于连接 Keil 编译的库到 GCC 环境中。
   5:Motor_simulation/gcc_compat.c ****  * Keil 的库引用了以 __ARM_ 开头的数学辅助函数，
   6:Motor_simulation/gcc_compat.c ****  * 我们需要将其重定向到 GCC 提供的标准数学函数上。
   7:Motor_simulation/gcc_compat.c ****  */
   8:Motor_simulation/gcc_compat.c **** 
   9:Motor_simulation/gcc_compat.c **** float __ARM_scalbnf(float x, int exp) {
  28              		.loc 1 9 39 view -0
  29              		.cfi_startproc
  30              		@ args = 0, pretend = 0, frame = 0
  31              		@ frame_needed = 0, uses_anonymous_args = 0
  32              		.loc 1 9 39 is_stmt 0 view .LVU1
  33 0000 08B5     		push	{r3, lr}
  34              	.LCFI0:
  35              		.cfi_def_cfa_offset 8
  36              		.cfi_offset 3, -8
  37              		.cfi_offset 14, -4
  10:Motor_simulation/gcc_compat.c ****     return scalbnf(x, exp);
  38              		.loc 1 10 5 is_stmt 1 view .LVU2
  39              		.loc 1 10 12 is_stmt 0 view .LVU3
  40 0002 FFF7FEFF 		bl	scalbnf
  41              	.LVL1:
  11:Motor_simulation/gcc_compat.c **** }
  42              		.loc 1 11 1 view .LVU4
  43 0006 08BD     		pop	{r3, pc}
  44              		.cfi_endproc
  45              	.LFE0:
  47              		.section	.text.__ARM_scalbn,"ax",%progbits
  48              		.align	1
ARM GAS  C:\Users\ASUS\AppData\Local\Temp\ccdyd3bO.s 			page 2


  49              		.global	__ARM_scalbn
  50              		.syntax unified
  51              		.thumb
  52              		.thumb_func
  54              	__ARM_scalbn:
  55              	.LVL2:
  56              	.LFB1:
  12:Motor_simulation/gcc_compat.c **** 
  13:Motor_simulation/gcc_compat.c **** double __ARM_scalbn(double x, int exp) {
  57              		.loc 1 13 40 is_stmt 1 view -0
  58              		.cfi_startproc
  59              		@ args = 0, pretend = 0, frame = 0
  60              		@ frame_needed = 0, uses_anonymous_args = 0
  61              		.loc 1 13 40 is_stmt 0 view .LVU6
  62 0000 08B5     		push	{r3, lr}
  63              	.LCFI1:
  64              		.cfi_def_cfa_offset 8
  65              		.cfi_offset 3, -8
  66              		.cfi_offset 14, -4
  14:Motor_simulation/gcc_compat.c ****     return scalbn(x, exp);
  67              		.loc 1 14 5 is_stmt 1 view .LVU7
  68              		.loc 1 14 12 is_stmt 0 view .LVU8
  69 0002 FFF7FEFF 		bl	scalbn
  70              	.LVL3:
  15:Motor_simulation/gcc_compat.c **** }...
  71              		.loc 1 15 1 view .LVU9
  72 0006 08BD     		pop	{r3, pc}
  73              		.cfi_endproc
  74              	.LFE1:
  76              		.text
  77              	.Letext0:
  78              		.file 2 "d:\\rw\\ozone\\mingw64\\arm-none-eabi\\include\\math.h"
ARM GAS  C:\Users\ASUS\AppData\Local\Temp\ccdyd3bO.s 			page 3


DEFINED SYMBOLS
                            *ABS*:00000000 gcc_compat.c
C:\Users\ASUS\AppData\Local\Temp\ccdyd3bO.s:19     .text.__ARM_scalbnf:00000000 $t
C:\Users\ASUS\AppData\Local\Temp\ccdyd3bO.s:25     .text.__ARM_scalbnf:00000000 __ARM_scalbnf
C:\Users\ASUS\AppData\Local\Temp\ccdyd3bO.s:48     .text.__ARM_scalbn:00000000 $t
C:\Users\ASUS\AppData\Local\Temp\ccdyd3bO.s:54     .text.__ARM_scalbn:00000000 __ARM_scalbn

UNDEFINED SYMBOLS
scalbnf
scalbn
